<?xml version="1.0" encoding="UTF-8"?>
<!-- Generated by org.testng.reporters.JUnitReportReporter -->
<testsuite hostname="unnati-HP-ProBook-650-G1" failures="0" tests="4" name="api.test.Usertest" time="9.102" errors="0" timestamp="2023-08-18T16:35:54 IST" skipped="0">
  <testcase classname="api.test.Usertest" name="TestPostUser" time="4.278"/>
  <testcase classname="api.test.Usertest" name="TestGetUser" time="1.539"/>
  <testcase classname="api.test.Usertest" name="TestUpdateUser" time="2.181"/>
  <testcase classname="api.test.Usertest" name="TestDeleteUser" time="1.104"/>
</testsuite> <!-- api.test.Usertest -->
