<?xml version="1.0" encoding="UTF-8"?>
<!-- Generated by org.testng.reporters.JUnitReportReporter -->
<testsuite hostname="unnati-HP-ProBook-650-G1" failures="0" tests="4" name="api.test.Usertest2" time="6.897" errors="0" timestamp="2023-08-21T14:52:50 IST" skipped="0">
  <testcase classname="api.test.Usertest2" name="TestPostUser" time="2.743"/>
  <testcase classname="api.test.Usertest2" name="TestGetUser" time="1.050"/>
  <testcase classname="api.test.Usertest2" name="TestUpdateUser" time="2.042"/>
  <testcase classname="api.test.Usertest2" name="TestDeleteUser" time="1.062"/>
</testsuite> <!-- api.test.Usertest2 -->
