<?xml version="1.0" encoding="UTF-8"?>
<!-- Generated by org.testng.reporters.JUnitReportReporter -->
<testsuite hostname="unnati-HP-ProBook-650-G1" failures="0" tests="4" name="api.test.Usertest2" time="8.310" errors="0" timestamp="2023-08-28T15:58:36 IST" skipped="0">
  <testcase classname="api.test.Usertest2" name="TestPostUser" time="3.578"/>
  <testcase classname="api.test.Usertest2" name="TestGetUser" time="1.182"/>
  <testcase classname="api.test.Usertest2" name="TestUpdateUser" time="2.412"/>
  <testcase classname="api.test.Usertest2" name="TestDeleteUser" time="1.138"/>
</testsuite> <!-- api.test.Usertest2 -->
