<?xml version="1.0" encoding="UTF-8"?>
<!-- Generated by org.testng.reporters.JUnitReportReporter -->
<testsuite hostname="unnati-HP-ProBook-650-G1" failures="0" tests="30" name="api.test.Datadriventesting" time="29.566" errors="0" timestamp="2023-08-16T18:22:40 IST" skipped="0">
  <testcase classname="api.test.Datadriventesting" name="deleteuserbyusername" time="0.883"/>
  <testcase classname="api.test.Datadriventesting" name="TestPostUser" time="0.852"/>
  <testcase classname="api.test.Datadriventesting" name="TestPostUser" time="0.853"/>
  <testcase classname="api.test.Datadriventesting" name="TestPostUser" time="0.882"/>
  <testcase classname="api.test.Datadriventesting" name="TestPostUser" time="3.360"/>
  <testcase classname="api.test.Datadriventesting" name="deleteuserbyusername" time="0.871"/>
  <testcase classname="api.test.Datadriventesting" name="TestPostUser" time="0.943"/>
  <testcase classname="api.test.Datadriventesting" name="deleteuserbyusername" time="0.903"/>
  <testcase classname="api.test.Datadriventesting" name="TestPostUser" time="0.986"/>
  <testcase classname="api.test.Datadriventesting" name="deleteuserbyusername" time="0.942"/>
  <testcase classname="api.test.Datadriventesting" name="TestPostUser" time="0.965"/>
  <testcase classname="api.test.Datadriventesting" name="TestPostUser" time="0.955"/>
  <testcase classname="api.test.Datadriventesting" name="TestPostUser" time="0.935"/>
  <testcase classname="api.test.Datadriventesting" name="deleteuserbyusername" time="0.860"/>
  <testcase classname="api.test.Datadriventesting" name="TestPostUser" time="0.926"/>
  <testcase classname="api.test.Datadriventesting" name="deleteuserbyusername" time="0.936"/>
  <testcase classname="api.test.Datadriventesting" name="deleteuserbyusername" time="0.927"/>
  <testcase classname="api.test.Datadriventesting" name="deleteuserbyusername" time="0.873"/>
  <testcase classname="api.test.Datadriventesting" name="deleteuserbyusername" time="0.841"/>
  <testcase classname="api.test.Datadriventesting" name="deleteuserbyusername" time="1.025"/>
  <testcase classname="api.test.Datadriventesting" name="TestPostUser" time="0.866"/>
  <testcase classname="api.test.Datadriventesting" name="TestPostUser" time="0.918"/>
  <testcase classname="api.test.Datadriventesting" name="deleteuserbyusername" time="0.845"/>
  <testcase classname="api.test.Datadriventesting" name="deleteuserbyusername" time="0.883"/>
  <testcase classname="api.test.Datadriventesting" name="TestPostUser" time="0.858"/>
  <testcase classname="api.test.Datadriventesting" name="deleteuserbyusername" time="0.957"/>
  <testcase classname="api.test.Datadriventesting" name="deleteuserbyusername" time="0.894"/>
  <testcase classname="api.test.Datadriventesting" name="deleteuserbyusername" time="0.866"/>
  <testcase classname="api.test.Datadriventesting" name="TestPostUser" time="0.909"/>
  <testcase classname="api.test.Datadriventesting" name="TestPostUser" time="0.852"/>
</testsuite> <!-- api.test.Datadriventesting -->
