<?xml version="1.0" encoding="UTF-8"?>
<!-- Generated by org.testng.reporters.JUnitReportReporter -->
<testsuite hostname="unnati-HP-ProBook-650-G1" failures="0" tests="4" name="api.test.Usertest2" time="7.269" errors="0" timestamp="2023-08-22T11:13:27 IST" skipped="0">
  <testcase classname="api.test.Usertest2" name="TestPostUser" time="3.504"/>
  <testcase classname="api.test.Usertest2" name="TestGetUser" time="0.966"/>
  <testcase classname="api.test.Usertest2" name="TestUpdateUser" time="1.911"/>
  <testcase classname="api.test.Usertest2" name="TestDeleteUser" time="0.888"/>
</testsuite> <!-- api.test.Usertest2 -->
