<?xml version="1.0" encoding="UTF-8"?>
<!-- Generated by org.testng.reporters.JUnitReportReporter -->
<testsuite hostname="unnati-HP-ProBook-650-G1" failures="0" tests="4" name="api.test.Usertest2" time="8.479" errors="0" timestamp="2023-08-29T15:06:48 IST" skipped="0">
  <testcase classname="api.test.Usertest2" name="TestPostUser" time="3.835"/>
  <testcase classname="api.test.Usertest2" name="TestGetUser" time="1.166"/>
  <testcase classname="api.test.Usertest2" name="TestUpdateUser" time="2.314"/>
  <testcase classname="api.test.Usertest2" name="TestDeleteUser" time="1.164"/>
</testsuite> <!-- api.test.Usertest2 -->
